TN:
SF:src/config/database.js
FN:8,(anonymous_0)
FN:18,initDatabase
FN:19,(anonymous_2)
FN:30,(anonymous_3)
FN:51,(anonymous_4)
FN:68,(anonymous_5)
FN:69,(anonymous_6)
FN:75,(anonymous_7)
FN:88,(anonymous_8)
FN:89,(anonymous_9)
FN:90,(anonymous_10)
FN:101,(anonymous_11)
FN:102,(anonymous_12)
FN:103,(anonymous_13)
FN:114,(anonymous_14)
FN:115,(anonymous_15)
FN:116,(anonymous_16)
FN:127,(anonymous_17)
FN:128,(anonymous_18)
FN:134,(anonymous_19)
FN:147,(anonymous_20)
FN:148,(anonymous_21)
FN:156,(anonymous_22)
FNF:23
FNH:14
FNDA:1,(anonymous_0)
FNDA:1,initDatabase
FNDA:1,(anonymous_2)
FNDA:1,(anonymous_3)
FNDA:1,(anonymous_4)
FNDA:0,(anonymous_5)
FNDA:0,(anonymous_6)
FNDA:0,(anonymous_7)
FNDA:2,(anonymous_8)
FNDA:2,(anonymous_9)
FNDA:2,(anonymous_10)
FNDA:2,(anonymous_11)
FNDA:2,(anonymous_12)
FNDA:2,(anonymous_13)
FNDA:0,(anonymous_14)
FNDA:0,(anonymous_15)
FNDA:0,(anonymous_16)
FNDA:0,(anonymous_17)
FNDA:0,(anonymous_18)
FNDA:0,(anonymous_19)
FNDA:2,(anonymous_20)
FNDA:2,(anonymous_21)
FNDA:2,(anonymous_22)
DA:1,1
DA:2,1
DA:5,1
DA:8,1
DA:9,1
DA:10,0
DA:12,1
DA:13,1
DA:19,1
DA:21,1
DA:31,1
DA:32,0
DA:34,1
DA:39,1
DA:42,1
DA:52,1
DA:53,0
DA:55,1
DA:60,1
DA:61,1
DA:66,1
DA:69,0
DA:70,0
DA:75,0
DA:76,0
DA:77,0
DA:79,0
DA:83,0
DA:89,2
DA:90,2
DA:91,2
DA:92,0
DA:94,2
DA:102,2
DA:103,2
DA:104,2
DA:105,0
DA:107,2
DA:115,0
DA:116,0
DA:117,0
DA:118,0
DA:120,0
DA:128,0
DA:129,0
DA:134,0
DA:135,0
DA:136,0
DA:138,0
DA:142,0
DA:148,2
DA:149,2
DA:157,2
DA:158,0
DA:160,2
DA:167,1
LF:56
LH:31
BRDA:9,0,0,0
BRDA:9,0,1,1
BRDA:31,1,0,0
BRDA:31,1,1,1
BRDA:52,2,0,0
BRDA:52,2,1,1
BRDA:76,3,0,0
BRDA:76,3,1,0
BRDA:91,4,0,0
BRDA:91,4,1,2
BRDA:104,5,0,0
BRDA:104,5,1,2
BRDA:117,6,0,0
BRDA:117,6,1,0
BRDA:135,7,0,0
BRDA:135,7,1,0
BRDA:157,8,0,0
BRDA:157,8,1,2
BRF:18
BRH:6
end_of_record
TN:
SF:src/config/logger.js
FN:26,(anonymous_0)
FN:67,(anonymous_1)
FN:74,(anonymous_2)
FN:75,(anonymous_3)
FN:76,(anonymous_4)
FN:77,(anonymous_5)
FN:80,(anonymous_6)
FN:92,(anonymous_7)
FN:101,(anonymous_8)
FN:112,(anonymous_9)
FN:122,(anonymous_10)
FNF:11
FNH:11
FNDA:9,(anonymous_0)
FNDA:30,(anonymous_1)
FNDA:3,(anonymous_2)
FNDA:3,(anonymous_3)
FNDA:2,(anonymous_4)
FNDA:2,(anonymous_5)
FNDA:32,(anonymous_6)
FNDA:2,(anonymous_7)
FNDA:2,(anonymous_8)
FNDA:2,(anonymous_9)
FNDA:2,(anonymous_10)
DA:1,2
DA:2,2
DA:3,2
DA:6,2
DA:7,2
DA:8,0
DA:12,2
DA:21,2
DA:27,9
DA:28,9
DA:29,9
DA:31,9
DA:36,2
DA:59,2
DA:60,2
DA:66,2
DA:68,30
DA:73,2
DA:74,3
DA:75,3
DA:76,2
DA:77,2
DA:81,32
DA:93,2
DA:102,2
DA:113,2
DA:123,2
DA:131,2
LF:28
LH:27
BRDA:7,0,0,0
BRDA:7,0,1,2
BRDA:28,1,0,9
BRDA:28,1,1,0
BRDA:37,2,0,2
BRDA:37,2,1,0
BRDA:59,3,0,2
BRDA:59,3,1,0
BRDA:74,4,0,2
BRDA:75,5,0,2
BRDA:76,6,0,2
BRDA:77,7,0,2
BRF:12
BRH:8
end_of_record
TN:
SF:src/config/redis.js
FN:11,(anonymous_0)
FN:16,(anonymous_1)
FN:20,(anonymous_2)
FN:24,(anonymous_3)
FN:29,(anonymous_4)
FN:40,(anonymous_5)
FN:53,(anonymous_6)
FN:66,(anonymous_7)
FN:78,(anonymous_8)
FN:90,(anonymous_9)
FN:95,(anonymous_10)
FN:106,(anonymous_11)
FNF:12
FNH:9
FNDA:0,(anonymous_0)
FNDA:1,(anonymous_1)
FNDA:0,(anonymous_2)
FNDA:0,(anonymous_3)
FNDA:2,(anonymous_4)
FNDA:2,(anonymous_5)
FNDA:5,(anonymous_6)
FNDA:2,(anonymous_7)
FNDA:2,(anonymous_8)
FNDA:4,(anonymous_9)
FNDA:2,(anonymous_10)
FNDA:2,(anonymous_11)
DA:1,2
DA:2,2
DA:5,2
DA:7,2
DA:11,0
DA:16,2
DA:17,1
DA:20,2
DA:21,0
DA:24,2
DA:25,0
DA:29,2
DA:30,2
DA:31,2
DA:33,0
DA:38,2
DA:41,2
DA:42,2
DA:43,2
DA:44,1
DA:45,1
DA:47,1
DA:48,1
DA:54,5
DA:55,5
DA:56,4
DA:58,1
DA:60,1
DA:61,1
DA:67,2
DA:68,2
DA:69,1
DA:70,1
DA:72,1
DA:73,1
DA:79,2
DA:80,2
DA:81,1
DA:82,1
DA:84,1
DA:85,1
DA:91,4
DA:96,2
DA:97,2
DA:98,1
DA:100,1
DA:101,1
DA:107,2
DA:108,2
DA:109,1
DA:111,1
DA:112,1
DA:117,2
LF:53
LH:49
BRDA:5,0,0,2
BRDA:5,0,1,0
BRDA:6,1,0,0
BRDA:6,1,1,0
BRDA:6,2,0,0
BRDA:6,2,1,0
BRDA:40,3,0,1
BRDA:56,4,0,3
BRDA:56,4,1,1
BRF:9
BRH:4
end_of_record
TN:
SF:src/controllers/faceController.js
FN:10,(anonymous_0)
FN:99,(anonymous_1)
FN:212,(anonymous_2)
FN:219,(anonymous_3)
FN:229,(anonymous_4)
FN:241,(anonymous_5)
FN:247,(anonymous_6)
FN:266,(anonymous_7)
FN:301,(anonymous_8)
FNF:9
FNH:9
FNDA:7,(anonymous_0)
FNDA:4,(anonymous_1)
FNDA:1,(anonymous_2)
FNDA:1,(anonymous_3)
FNDA:1,(anonymous_4)
FNDA:7,(anonymous_5)
FNDA:10,(anonymous_6)
FNDA:1,(anonymous_7)
FNDA:2,(anonymous_8)
DA:1,1
DA:2,1
DA:3,1
DA:4,1
DA:5,1
DA:6,1
DA:11,7
DA:13,7
DA:14,7
DA:15,1
DA:21,6
DA:22,6
DA:23,0
DA:29,6
DA:30,0
DA:35,6
DA:36,6
DA:39,6
DA:40,6
DA:41,3
DA:47,3
DA:50,2
DA:51,1
DA:52,0
DA:53,0
DA:55,0
DA:56,0
DA:68,1
DA:71,0
DA:72,0
DA:73,0
DA:74,0
DA:75,0
DA:79,0
DA:90,3
DA:91,3
DA:100,4
DA:102,4
DA:103,4
DA:104,1
DA:109,3
DA:110,0
DA:115,3
DA:118,3
DA:119,3
DA:120,3
DA:122,3
DA:123,2
DA:125,0
DA:134,2
DA:135,2
DA:136,0
DA:142,2
DA:144,2
DA:145,1
DA:151,1
DA:155,1
DA:157,1
DA:163,0
DA:177,0
DA:189,0
DA:192,0
DA:193,0
DA:197,0
DA:203,2
DA:204,2
DA:213,1
DA:215,1
DA:216,1
DA:219,1
DA:220,1
DA:221,1
DA:230,1
DA:231,1
DA:235,1
DA:241,7
DA:247,10
DA:257,0
DA:258,0
DA:267,1
DA:268,1
DA:270,1
DA:271,1
DA:272,0
DA:278,1
DA:280,0
DA:281,0
DA:286,0
DA:292,1
DA:293,1
DA:302,2
DA:303,2
DA:305,2
DA:306,2
DA:307,2
DA:312,0
DA:323,0
DA:324,0
DA:332,1
LF:99
LH:69
BRDA:14,0,0,1
BRDA:14,0,1,6
BRDA:22,1,0,0
BRDA:22,1,1,6
BRDA:29,2,0,0
BRDA:29,2,1,6
BRDA:36,3,0,6
BRDA:36,3,1,0
BRDA:40,4,0,3
BRDA:40,4,1,3
BRDA:55,5,0,0
BRDA:55,5,1,0
BRDA:73,6,0,0
BRDA:73,6,1,0
BRDA:73,7,0,0
BRDA:73,7,1,0
BRDA:103,8,0,1
BRDA:103,8,1,3
BRDA:109,9,0,0
BRDA:109,9,1,3
BRDA:115,10,0,3
BRDA:115,10,1,0
BRDA:123,11,0,0
BRDA:123,11,1,2
BRDA:135,12,0,0
BRDA:135,12,1,2
BRDA:144,13,0,1
BRDA:144,13,1,1
BRDA:155,14,0,1
BRDA:155,14,1,0
BRDA:192,15,0,0
BRDA:192,15,1,0
BRDA:230,16,0,0
BRDA:230,16,1,1
BRDA:237,17,0,1
BRDA:237,17,1,0
BRDA:238,18,0,1
BRDA:238,18,1,0
BRDA:239,19,0,1
BRDA:239,19,1,0
BRDA:271,20,0,0
BRDA:271,20,1,1
BRDA:280,21,0,0
BRDA:280,21,1,0
BRDA:306,22,0,2
BRDA:306,22,1,0
BRF:46
BRH:22
end_of_record
TN:
SF:src/middleware/upload.js
FN:9,isValidImageSignature
FN:22,(anonymous_1)
FN:30,(anonymous_2)
FN:40,(anonymous_3)
FN:51,(anonymous_4)
FN:79,(anonymous_5)
FN:138,(anonymous_6)
FN:152,(anonymous_7)
FN:166,(anonymous_8)
FNF:9
FNH:8
FNDA:15,isValidImageSignature
FNDA:37,(anonymous_1)
FNDA:14,(anonymous_2)
FNDA:14,(anonymous_3)
FNDA:15,(anonymous_4)
FNDA:14,(anonymous_5)
FNDA:0,(anonymous_6)
FNDA:12,(anonymous_7)
FNDA:2,(anonymous_8)
DA:1,1
DA:2,1
DA:3,1
DA:4,1
DA:5,1
DA:6,1
DA:10,15
DA:15,15
DA:16,15
DA:17,14
DA:18,14
DA:19,13
DA:20,13
DA:21,13
DA:22,37
DA:24,1
DA:29,1
DA:31,14
DA:33,14
DA:34,14
DA:35,14
DA:37,0
DA:42,14
DA:43,14
DA:44,14
DA:45,14
DA:46,14
DA:51,1
DA:53,15
DA:55,15
DA:56,1
DA:60,14
DA:61,14
DA:62,0
DA:65,14
DA:69,1
DA:79,1
DA:80,14
DA:81,14
DA:82,1
DA:88,13
DA:89,13
DA:90,1
DA:91,1
DA:92,1
DA:96,12
DA:97,12
DA:100,12
DA:117,12
DA:120,12
DA:121,12
DA:128,12
DA:130,0
DA:131,0
DA:138,1
DA:139,0
DA:141,0
DA:142,0
DA:148,0
DA:152,1
DA:153,12
DA:154,12
DA:155,12
DA:156,12
DA:158,12
DA:160,0
DA:161,0
DA:166,1
DA:167,2
DA:168,1
DA:169,1
DA:173,0
DA:174,0
DA:178,0
DA:179,0
DA:185,1
DA:186,1
DA:191,0
DA:197,1
DA:200,1
DA:207,1
LF:81
LH:66
BRDA:16,0,0,1
BRDA:16,0,1,14
BRDA:55,1,0,1
BRDA:55,1,1,14
BRDA:61,2,0,0
BRDA:61,2,1,14
BRDA:81,3,0,1
BRDA:81,3,1,13
BRDA:89,4,0,1
BRDA:89,4,1,12
BRDA:141,5,0,0
BRDA:141,5,1,0
BRDA:154,6,0,12
BRDA:154,6,1,0
BRDA:154,7,0,12
BRDA:154,7,1,12
BRDA:154,7,2,12
BRDA:167,8,0,1
BRDA:167,8,1,1
BRDA:168,9,0,1
BRDA:168,9,1,0
BRDA:173,10,0,0
BRDA:173,10,1,0
BRDA:178,11,0,0
BRDA:178,11,1,0
BRDA:185,12,0,1
BRDA:185,12,1,0
BRF:27
BRH:17
end_of_record
TN:
SF:src/middleware/validator.js
FN:4,(anonymous_0)
FN:16,(anonymous_1)
FN:26,(anonymous_2)
FN:29,(anonymous_3)
FN:40,(anonymous_4)
FN:47,(anonymous_5)
FNF:6
FNH:6
FNDA:1,(anonymous_0)
FNDA:8,(anonymous_1)
FNDA:1,(anonymous_2)
FNDA:4,(anonymous_3)
FNDA:12,(anonymous_4)
FNDA:2,(anonymous_5)
DA:1,1
DA:4,1
DA:5,1
DA:17,8
DA:18,0
DA:20,8
DA:26,1
DA:27,1
DA:30,4
DA:31,0
DA:33,4
DA:40,1
DA:41,12
DA:42,12
DA:43,11
DA:46,1
DA:47,2
DA:49,1
DA:54,1
LF:19
LH:17
BRDA:17,0,0,0
BRDA:17,0,1,8
BRDA:30,1,0,0
BRDA:30,1,1,4
BRDA:42,2,0,11
BRDA:42,2,1,1
BRF:6
BRH:4
end_of_record
TN:
SF:src/routes/faceRoutes.js
FN:13,(anonymous_0)
FN:24,(anonymous_1)
FN:70,(anonymous_2)
FN:76,(anonymous_3)
FN:100,(anonymous_4)
FN:124,(anonymous_5)
FNF:6
FNH:5
FNDA:16,(anonymous_0)
FNDA:0,(anonymous_1)
FNDA:1,(anonymous_2)
FNDA:7,(anonymous_3)
FNDA:1,(anonymous_4)
FNDA:2,(anonymous_5)
DA:1,1
DA:2,1
DA:3,1
DA:4,1
DA:5,1
DA:8,1
DA:9,1
DA:10,1
DA:13,16
DA:14,1
DA:15,0
DA:24,0
DA:30,1
DA:33,1
DA:42,1
DA:49,1
DA:58,1
DA:67,1
DA:70,1
DA:71,1
DA:72,1
DA:73,1
DA:75,1
DA:76,7
DA:85,0
DA:86,0
DA:94,1
DA:97,1
DA:100,1
DA:101,1
DA:102,1
DA:103,1
DA:105,1
DA:115,0
DA:124,1
DA:125,2
DA:126,2
DA:127,2
DA:129,1
DA:137,1
DA:138,1
DA:145,1
LF:42
LH:37
BRDA:14,0,0,0
BRDA:14,0,1,1
BRDA:14,1,0,1
BRDA:14,1,1,0
BRDA:131,2,0,1
BRDA:131,2,1,0
BRDA:132,3,0,1
BRDA:132,3,1,0
BRDA:133,4,0,1
BRDA:133,4,1,0
BRF:10
BRH:5
end_of_record
TN:
SF:src/services/faceRecognitionService.js
FN:11,(anonymous_0)
FN:17,(anonymous_1)
FN:51,(anonymous_2)
FN:63,(anonymous_3)
FN:78,(anonymous_4)
FN:102,(anonymous_5)
FN:119,(anonymous_6)
FN:151,(anonymous_7)
FN:179,(anonymous_8)
FN:185,(anonymous_9)
FNF:10
FNH:7
FNDA:1,(anonymous_0)
FNDA:1,(anonymous_1)
FNDA:1,(anonymous_2)
FNDA:0,(anonymous_3)
FNDA:0,(anonymous_4)
FNDA:1,(anonymous_5)
FNDA:4,(anonymous_6)
FNDA:1,(anonymous_7)
FNDA:1,(anonymous_8)
FNDA:0,(anonymous_9)
DA:1,1
DA:2,1
DA:3,1
DA:4,1
DA:5,1
DA:8,1
DA:12,1
DA:13,1
DA:18,1
DA:19,0
DA:22,1
DA:23,1
DA:26,1
DA:27,1
DA:29,0
DA:30,0
DA:31,0
DA:32,0
DA:33,0
DA:37,1
DA:38,1
DA:39,1
DA:41,1
DA:42,1
DA:43,1
DA:45,0
DA:46,0
DA:52,1
DA:54,1
DA:55,0
DA:57,1
DA:58,1
DA:64,0
DA:65,0
DA:66,0
DA:71,0
DA:73,0
DA:79,0
DA:80,0
DA:82,0
DA:83,0
DA:86,0
DA:87,0
DA:90,0
DA:91,0
DA:97,0
DA:103,1
DA:104,1
DA:105,1
DA:107,1
DA:114,0
DA:120,4
DA:121,4
DA:123,3
DA:124,3
DA:126,3
DA:127,3
DA:128,2
DA:130,2
DA:131,1
DA:132,1
DA:140,2
DA:146,2
DA:152,1
DA:153,1
DA:155,0
DA:156,0
DA:159,0
DA:160,0
DA:163,0
DA:164,0
DA:167,0
DA:168,0
DA:169,0
DA:172,0
DA:174,1
DA:180,1
DA:181,1
DA:183,0
DA:185,0
DA:192,1
DA:197,1
LF:82
LH:46
BRDA:18,0,0,0
BRDA:18,0,1,1
BRDA:82,1,0,0
BRDA:82,1,1,0
BRDA:86,2,0,0
BRDA:86,2,1,0
BRDA:102,3,0,0
BRDA:119,4,0,2
BRDA:130,5,0,1
BRDA:130,5,1,1
BRDA:141,6,0,2
BRDA:141,6,1,1
BRDA:155,7,0,0
BRDA:155,7,1,0
BRDA:159,8,0,0
BRDA:159,8,1,0
BRDA:168,9,0,0
BRDA:168,9,1,0
BRDA:168,10,0,0
BRDA:168,10,1,0
BRF:20
BRH:6
end_of_record
